<?xml version="1.0" encoding="UTF-8"?>
<!-- Generated by org.testng.reporters.JUnitReportReporter -->
<testsuite skipped="0" hostname="LAPTOP-JUVC7F3L" name="com.teamtracker.qa.testcases.Assign_Task_To_Mobile" tests="1" failures="0" timestamp="17 Feb 2020 18:05:42 GMT" time="18.995" errors="0">
  <testcase name="Verify_team_member_able_to_do_Activity_on_task" time="18.995" classname="com.teamtracker.qa.testcases.Assign_Task_To_Mobile"/>
</testsuite> <!-- com.teamtracker.qa.testcases.Assign_Task_To_Mobile -->
