<?xml version="1.0" encoding="UTF-8"?>
<!-- Generated by org.testng.reporters.JUnitReportReporter -->
<testsuite skipped="0" hostname="LAPTOP-JUVC7F3L" name="com.teamtracker.qa.testcases.TC_Import_Organization_Unit_005" tests="1" failures="0" timestamp="2020-06-16T06:37:32 IST" time="19.936" errors="0">
  <testcase name="Import_Organization_Unit" time="19.936" classname="com.teamtracker.qa.testcases.TC_Import_Organization_Unit_005"/>
  <system-out/>
</testsuite> <!-- com.teamtracker.qa.testcases.TC_Import_Organization_Unit_005 -->
