<?xml version="1.0" encoding="UTF-8"?>
<!-- Generated by org.testng.reporters.JUnitReportReporter -->
<testsuite skipped="0" hostname="LAPTOP-JUVC7F3L" name="com.teamtracker.qa.testcases.TC_Import_Task_022" tests="1" failures="0" timestamp="2020-06-18T18:14:57 IST" time="27.048" errors="0">
  <testcase name="Import_POI" time="27.048" classname="com.teamtracker.qa.testcases.TC_Import_Task_022"/>
  <system-out/>
</testsuite> <!-- com.teamtracker.qa.testcases.TC_Import_Task_022 -->
