<?xml version="1.0" encoding="UTF-8"?>
<!-- Generated by org.testng.reporters.JUnitReportReporter -->
<testsuite skipped="0" hostname="LAPTOP-JUVC7F3L" name="com.teamtracker.qa.testcases.TC_Delete_Manager_12" tests="1" failures="0" timestamp="2020-06-17T18:02:50 IST" time="31.299" errors="0">
  <testcase name="Modify_Manager" time="31.299" classname="com.teamtracker.qa.testcases.TC_Delete_Manager_12"/>
  <system-out/>
</testsuite> <!-- com.teamtracker.qa.testcases.TC_Delete_Manager_12 -->
