<?xml version="1.0" encoding="UTF-8"?>
<!-- Generated by org.testng.reporters.JUnitReportReporter -->
<testsuite skipped="1" hostname="LAPTOP-JUVC7F3L" name="com.teamtracker.qa.testcases.TC_LoginDDT_001" tests="1" failures="0" timestamp="15 Feb 2020 15:14:23 GMT" time="0.000" errors="0">
  <testcase name="loginDDT" time="0.000" classname="com.teamtracker.qa.testcases.TC_LoginDDT_001">
    <skipped/>
  </testcase> <!-- loginDDT -->
</testsuite> <!-- com.teamtracker.qa.testcases.TC_LoginDDT_001 -->
