<?xml version="1.0" encoding="UTF-8"?>
<!-- Generated by org.testng.reporters.JUnitReportReporter -->
<testsuite skipped="0" hostname="LAPTOP-JUVC7F3L" name="com.teamtracker.qa.testcases.Modify_POI_014" tests="1" failures="0" timestamp="2020-06-18T07:27:48 IST" time="21.763" errors="0">
  <testcase name="Add_POI" time="21.763" classname="com.teamtracker.qa.testcases.Modify_POI_014"/>
  <system-out/>
</testsuite> <!-- com.teamtracker.qa.testcases.Modify_POI_014 -->
