<?xml version="1.0" encoding="UTF-8"?>
<!-- Generated by org.testng.reporters.JUnitReportReporter -->
<testsuite skipped="0" hostname="LAPTOP-JUVC7F3L" name="com.teamtracker.qa.testcases.TC_Delete_POI_017" tests="1" failures="0" timestamp="2020-06-18T07:55:53 IST" time="26.487" errors="0">
  <testcase name="Delete_POI" time="26.487" classname="com.teamtracker.qa.testcases.TC_Delete_POI_017"/>
  <system-out/>
</testsuite> <!-- com.teamtracker.qa.testcases.TC_Delete_POI_017 -->
