<?xml version="1.0" encoding="UTF-8"?>
<!-- Generated by org.testng.reporters.JUnitReportReporter -->
<testsuite skipped="0" hostname="LAPTOP-JUVC7F3L" name="com.teamtracker.qa.testcases.TC_Add_Organization_Unit_001" tests="1" failures="0" timestamp="2020-06-11T08:47:55 IST" time="19.097" errors="0">
  <testcase name="Add_Organization_Unit" time="19.097" classname="com.teamtracker.qa.testcases.TC_Add_Organization_Unit_001"/>
  <system-out/>
</testsuite> <!-- com.teamtracker.qa.testcases.TC_Add_Organization_Unit_001 -->
