<?xml version="1.0" encoding="UTF-8"?>
<!-- Generated by org.testng.reporters.JUnitReportReporter -->
<testsuite skipped="0" hostname="LAPTOP-JUVC7F3L" name="com.teamtracker.qa.testcases.TC_Import_Manager_013" tests="1" failures="0" timestamp="2020-06-17T19:09:04 IST" time="24.485" errors="0">
  <testcase name="Import_Manager" time="24.485" classname="com.teamtracker.qa.testcases.TC_Import_Manager_013"/>
  <system-out/>
</testsuite> <!-- com.teamtracker.qa.testcases.TC_Import_Manager_013 -->
