<?xml version="1.0" encoding="UTF-8"?>
<!-- Generated by org.testng.reporters.JUnitReportReporter -->
<testsuite skipped="0" hostname="LAPTOP-JUVC7F3L" name="com.teamtracker.qa.testcases.TC_Modify_Manager_011" tests="1" failures="0" timestamp="2020-06-17T17:50:06 IST" time="28.924" errors="0">
  <testcase name="Modify_Manager" time="28.924" classname="com.teamtracker.qa.testcases.TC_Modify_Manager_011"/>
  <system-out/>
</testsuite> <!-- com.teamtracker.qa.testcases.TC_Modify_Manager_011 -->
