<?xml version="1.0" encoding="UTF-8"?>
<!-- Generated by org.testng.reporters.JUnitReportReporter -->
<testsuite skipped="0" hostname="LAPTOP-JUVC7F3L" name="com.teamtracker.qa.testcases.TC_Delete_Organization_Unit_004" tests="1" failures="0" timestamp="2020-06-15T18:01:49 IST" time="31.384" errors="0">
  <testcase name="Delete_Organization_Unit" time="31.384" classname="com.teamtracker.qa.testcases.TC_Delete_Organization_Unit_004"/>
  <system-out/>
</testsuite> <!-- com.teamtracker.qa.testcases.TC_Delete_Organization_Unit_004 -->
