<?xml version="1.0" encoding="UTF-8"?>
<!-- Generated by org.testng.reporters.JUnitReportReporter -->
<testsuite skipped="1" hostname="LAPTOP-JUVC7F3L" name="com.teamtracker.qa.testcases.Search_added_team_member_from_portal" tests="1" failures="0" timestamp="2020-06-11T15:59:54 IST" time="0.000" errors="0">
  <testcase name="Search_team_member" time="0.000" classname="com.teamtracker.qa.testcases.Search_added_team_member_from_portal">
    <skipped/>
  </testcase> <!-- Search_team_member -->
  <system-out/>
</testsuite> <!-- com.teamtracker.qa.testcases.Search_added_team_member_from_portal -->
