<?xml version="1.0" encoding="UTF-8"?>
<!-- Generated by org.testng.reporters.JUnitReportReporter -->
<testsuite skipped="0" hostname="LAPTOP-JUVC7F3L" name="com.teamtracker.qa.testcases.Add_POI" tests="1" failures="0" timestamp="2020-06-12T09:27:27 IST" time="20.381" errors="0">
  <testcase name="Add_POI" time="20.381" classname="com.teamtracker.qa.testcases.Add_POI"/>
  <system-out/>
</testsuite> <!-- com.teamtracker.qa.testcases.Add_POI -->
