<?xml version="1.0" encoding="UTF-8"?>
<!-- Generated by org.testng.reporters.JUnitReportReporter -->
<testsuite skipped="0" hostname="LAPTOP-JUVC7F3L" name="com.teamtracker.qa.testcases.TC_Modify_Task_020" tests="1" failures="0" timestamp="2020-06-18T17:23:32 IST" time="29.638" errors="0">
  <testcase name="Add_POI" time="29.638" classname="com.teamtracker.qa.testcases.TC_Modify_Task_020"/>
  <system-out/>
</testsuite> <!-- com.teamtracker.qa.testcases.TC_Modify_Task_020 -->
