<?xml version="1.0" encoding="UTF-8"?>
<!-- Generated by org.testng.reporters.JUnitReportReporter -->
<testsuite skipped="0" hostname="LAPTOP-JUVC7F3L" name="com.teamtracker.qa.testcases.TC_Login_Test_001" tests="1" failures="0" timestamp="2020-02-13T20:54:01 IST" time="8.384" errors="0">
  <testcase name="setup" time="8.384" classname="com.teamtracker.qa.testcases.TC_Login_Test_001"/>
  <system-out/>
</testsuite> <!-- com.teamtracker.qa.testcases.TC_Login_Test_001 -->
