<?xml version="1.0" encoding="UTF-8"?>
<!-- Generated by org.testng.reporters.JUnitReportReporter -->
<testsuite skipped="0" hostname="LAPTOP-JUVC7F3L" name="com.teamtracker.qa.testcases.TC_LoginDDT_002" tests="1" failures="0" timestamp="16 Feb 2020 14:52:24 GMT" time="13.196" errors="0">
  <testcase name="loginDDT" time="13.196" classname="com.teamtracker.qa.testcases.TC_LoginDDT_002"/>
</testsuite> <!-- com.teamtracker.qa.testcases.TC_LoginDDT_002 -->
