<?xml version="1.0" encoding="UTF-8"?>
<!-- Generated by org.testng.reporters.JUnitReportReporter -->
<testsuite skipped="0" hostname="LAPTOP-JUVC7F3L" name="com.teamtracker.qa.testcases.TC_Add_Team_Member" tests="1" failures="0" timestamp="2020-06-11T11:39:37 IST" time="3.326" errors="0">
  <testcase name="Add_Team_Member" time="3.326" classname="com.teamtracker.qa.testcases.TC_Add_Team_Member"/>
  <system-out/>
</testsuite> <!-- com.teamtracker.qa.testcases.TC_Add_Team_Member -->
