<?xml version="1.0" encoding="UTF-8"?>
<!-- Generated by org.testng.reporters.JUnitReportReporter -->
<testsuite skipped="0" hostname="LAPTOP-JUVC7F3L" name="com.teamtracker.qa.testcases.TC_Delete_Task_021" tests="1" failures="0" timestamp="2020-06-18T17:37:07 IST" time="27.672" errors="0">
  <testcase name="Delete_Task" time="27.672" classname="com.teamtracker.qa.testcases.TC_Delete_Task_021"/>
  <system-out/>
</testsuite> <!-- com.teamtracker.qa.testcases.TC_Delete_Task_021 -->
