<?xml version="1.0" encoding="UTF-8"?>
<!-- Generated by org.testng.reporters.JUnitReportReporter -->
<testsuite skipped="0" hostname="LAPTOP-JUVC7F3L" name="com.teamtracker.qa.testcases.TC_Add_Manager_001" tests="1" failures="0" timestamp="17 Feb 2020 14:15:27 GMT" time="17.172" errors="0">
  <testcase name="Add_Manager" time="17.172" classname="com.teamtracker.qa.testcases.TC_Add_Manager_001"/>
</testsuite> <!-- com.teamtracker.qa.testcases.TC_Add_Manager_001 -->
